<?xml version="1.0" encoding="utf-8"?><testsuites name="pytest tests"><testsuite name="pytest" errors="0" failures="0" skipped="0" tests="22" time="5.391" timestamp="2026-06-04T20:22:47.410933+00:00" hostname="agent-env-c0506514-7b1a-4bbb-b78c-631e4d49edcf"><testcase classname="test_concrete_form_api" name="test_root" time="0.268" /><testcase classname="test_concrete_form_api.TestAuth" name="test_login_success" time="0.311" /><testcase classname="test_concrete_form_api.TestAuth" name="test_me" time="0.057" /><testcase classname="test_concrete_form_api.TestAuth" name="test_refresh" time="0.054" /><testcase classname="test_concrete_form_api.TestAuth" name="test_invalid_login" time="0.053" /><testcase classname="test_concrete_form_api.TestAuth" name="test_register_requires_admin" time="0.051" /><testcase classname="test_concrete_form_api.TestAuth" name="test_register_as_crew_forbidden" time="0.602" /><testcase classname="test_concrete_form_api.TestAuth" name="test_account_lock_after_5_failures" time="1.698" /><testcase classname="test_concrete_form_api.TestEquipment" name="test_list_seeded" time="0.053" /><testcase classname="test_concrete_form_api.TestEquipment" name="test_create_update_delete" time="0.157" /><testcase classname="test_concrete_form_api.TestEquipment" name="test_csv_export" time="0.054" /><testcase classname="test_concrete_form_api.TestEquipment" name="test_csv_import" time="0.168" /><testcase classname="test_concrete_form_api.TestBracing" name="test_basic" time="0.055" /><testcase classname="test_concrete_form_api.TestBracing" name="test_engineer_required" time="0.051" /><testcase classname="test_concrete_form_api.TestBracing" name="test_braces_by_length_aggregation" time="0.059" /><testcase classname="test_concrete_form_api.TestRentals" name="test_rental_lifecycle" time="0.409" /><testcase classname="test_concrete_form_api.TestRentals" name="test_list_rentals" time="0.061" /><testcase classname="test_concrete_form_api.TestBookings" name="test_create_and_capacity" time="0.538" /><testcase classname="test_concrete_form_api.TestMaintenance" name="test_crud" time="0.268" /><testcase classname="test_concrete_form_api.TestVendors" name="test_crud" time="0.165" /><testcase classname="test_concrete_form_api.TestSite" name="test_get_and_update" time="0.158" /><testcase classname="test_concrete_form_api.TestDashboard" name="test_stats" time="0.054" /></testsuite></testsuites>